[01:52:49] [main/WARN]: Ambiguity between arguments [teleport, location] and [teleport, destination] with inputs: [0.1 -0.5 .9, 0 0 0]
[01:52:49] [main/WARN]: Ambiguity between arguments [teleport, location] and [teleport, targets] with inputs: [0.1 -0.5 .9, 0 0 0]
[01:52:49] [main/WARN]: Ambiguity between arguments [teleport, targets] and [teleport, destination] with inputs: [Player, 0123, dd12be42-52a9-4a91-a8a1-11c01849e498]
[01:52:49] [main/WARN]: Ambiguity between arguments [teleport, targets, location] and [teleport, targets, destination] with inputs: [0.1 -0.5 .9, 0 0 0]
[01:52:49] [main/INFO]: Loaded 0 recipes
[01:52:49] [main/INFO]: Loaded 0 advancements
[01:52:54] [Server thread/INFO]: Starting minecraft server version 1.13
[01:52:54] [Server thread/INFO]: Loading properties
[01:52:54] [Server thread/INFO]: Default game type: SURVIVAL
[01:52:54] [Server thread/INFO]: Generating keypair
[01:52:54] [Server thread/INFO]: Starting Minecraft server on *:25565
[01:52:54] [Server thread/INFO]: Using default channel type
[01:52:54] [Server thread/WARN]: **** SERVER IS RUNNING IN OFFLINE/INSECURE MODE!
[01:52:54] [Server thread/WARN]: The server will make no attempt to authenticate usernames. Beware.
[01:52:54] [Server thread/WARN]: While this makes the game possible to play without internet access, it also opens up the ability for hackers to connect with any username they choose.
[01:52:54] [Server thread/WARN]: To change this, set "online-mode" to "true" in the server.properties file.
[01:52:54] [Server thread/INFO]: Preparing level "world"
[01:52:54] [Server thread/INFO]: Reloading ResourceManager: Default
[01:52:55] [Server thread/INFO]: Loaded 524 recipes
[01:52:56] [Server thread/INFO]: Loaded 571 advancements
[01:52:56] [Server thread/INFO]: Preparing start region for level 0
[01:52:57] [Server thread/INFO]: Preparing spawn area: 4%
[01:52:57] [Server thread/INFO]: Preparing spawn area: 8%
[01:52:57] [Server thread/INFO]: Preparing spawn area: 12%
[01:52:57] [Server thread/INFO]: Preparing spawn area: 16%
[01:52:57] [Server thread/INFO]: Preparing spawn area: 20%
[01:52:57] [Server thread/INFO]: Preparing spawn area: 24%
[01:52:57] [Server thread/INFO]: Preparing spawn area: 28%
[01:52:57] [Server thread/INFO]: Preparing spawn area: 32%
[01:52:57] [Server thread/INFO]: Preparing spawn area: 36%
[01:52:57] [Server thread/INFO]: Preparing spawn area: 40%
[01:52:57] [Server thread/INFO]: Preparing spawn area: 44%
[01:52:57] [Server thread/INFO]: Preparing spawn area: 48%
[01:52:57] [Server thread/INFO]: Preparing spawn area: 52%
[01:52:58] [Server thread/INFO]: Preparing spawn area: 56%
[01:52:58] [Server thread/INFO]: Preparing spawn area: 60%
[01:52:58] [Server thread/INFO]: Preparing spawn area: 64%
[01:52:58] [Server thread/INFO]: Preparing spawn area: 68%
[01:52:58] [Server thread/INFO]: Preparing spawn area: 72%
[01:52:58] [Server thread/INFO]: Preparing spawn area: 76%
[01:52:58] [Server thread/INFO]: Preparing spawn area: 80%
[01:52:58] [Server thread/INFO]: Preparing spawn area: 84%
[01:52:58] [Server thread/INFO]: Preparing spawn area: 88%
[01:52:58] [Server thread/INFO]: Preparing spawn area: 92%
[01:52:58] [Server thread/INFO]: Preparing spawn area: 96%
[01:52:58] [Server thread/INFO]: Preparing spawn area: 100%
[01:52:58] [Server thread/INFO]: Time elapsed: 1573 ms
[01:52:58] [Server thread/INFO]: Done (3.958s)! For help, type "help"
[01:53:54] [Server thread/INFO]: danilsolo[/192.168.1.109:49766] logged in with entity id 374 at (-228.70658567550316, 28.0, 364.4245608212758)
[01:53:54] [Server thread/INFO]: danilsolo joined the game
[01:54:24] [Server thread/INFO]: danilsolo lost connection: Disconnected
[01:54:24] [Server thread/INFO]: danilsolo left the game
[01:54:36] [Server thread/INFO]: danilsolo[/192.168.1.109:49769] logged in with entity id 535 at (-228.70658567550316, 28.0, 364.4245608212758)
[01:54:36] [Server thread/INFO]: danilsolo joined the game
[01:54:51] [Server thread/INFO]: boshlin[/192.168.1.42:52885] logged in with entity id 687 at (-208.60065692812364, 63.0, 247.8867916931472)
[01:54:51] [Server thread/INFO]: boshlin joined the game
[02:01:38] [Server thread/WARN]: Can't keep up! Is the server overloaded? Running 4059ms or 81 ticks behind
[02:10:43] [Server thread/INFO]: boshlin has made the advancement [Diamonds!]
[02:10:45] [Server thread/INFO]: danilsolo has made the advancement [Diamonds!]
[02:19:22] [Server thread/INFO]: danilsolo burned to death
[02:19:30] [Server thread/WARN]: danilsolo moved too quickly! 38.19999998807907,53.0,-94.0549595519168
[02:36:32] [Server thread/INFO]: boshlin was shot by Skeleton
[02:54:49] [Server thread/INFO]: <boshlin> 576
[03:06:24] [Server thread/INFO]: danilsolo lost connection: Disconnected
[03:06:24] [Server thread/INFO]: danilsolo left the game
[03:18:08] [Server thread/INFO]: boshlin lost connection: Disconnected
[03:18:08] [Server thread/INFO]: boshlin left the game
[03:18:19] [Server thread/INFO]: Stopping server
[03:18:19] [Server thread/INFO]: Saving players
[03:18:19] [Server thread/INFO]: Saving worlds
[03:18:19] [Server thread/INFO]: Saving chunks for level 'world'/overworld
[03:18:19] [Server Shutdown Thread/INFO]: Stopping server
[03:18:19] [Server Shutdown Thread/INFO]: Saving players
[03:18:19] [Server Shutdown Thread/INFO]: Saving worlds
[03:18:19] [Server Shutdown Thread/INFO]: Saving chunks for level 'world'/overworld
[03:18:19] [Server thread/INFO]: Saving chunks for level 'world'/the_nether
[03:18:19] [Server thread/INFO]: Saving chunks for level 'world'/the_end
[03:18:19] [Server Shutdown Thread/INFO]: Saving chunks for level 'world'/the_nether
[03:18:19] [Server Shutdown Thread/INFO]: Saving chunks for level 'world'/the_end
